\BOOKMARK [0][-]{section*.1}{Declaration}{}% 1
\BOOKMARK [0][-]{section*.3}{Acknowledgments}{}% 2
\BOOKMARK [0][-]{section*.5}{Abbreviations}{}% 3
\BOOKMARK [0][-]{section*.7}{Contents}{}% 4
\BOOKMARK [0][-]{chapter*.9}{Introduction}{}% 5
\BOOKMARK [0][-]{chapter.1}{Literature Review I: Schizophrenia and Autism}{}% 6
\BOOKMARK [1][-]{section.1.1}{Schizophrenia}{chapter.1}% 7
\BOOKMARK [1][-]{section.1.2}{Autism Spectrum Disorder}{chapter.1}% 8
\BOOKMARK [1][-]{section.1.3}{The Environmental Risk Factors of SCZ and ASD}{chapter.1}% 9
\BOOKMARK [2][-]{subsection.1.3.1}{Prenatal Infection}{section.1.3}% 10
\BOOKMARK [2][-]{subsection.1.3.2}{Parental Age}{section.1.3}% 11
\BOOKMARK [2][-]{subsection.1.3.3}{Prenatal Stress}{section.1.3}% 12
\BOOKMARK [2][-]{subsection.1.3.4}{Maternal Vitamin D Deficiency During Pregnancy}{section.1.3}% 13
\BOOKMARK [1][-]{section.1.4}{The Genetic Etiology of SCZ and ASD}{chapter.1}% 14
\BOOKMARK [1][-]{section.1.5}{Summary}{chapter.1}% 15
\BOOKMARK [0][-]{chapter.2}{Literature Review II: Approaches to Reveal Genetic Causes}{}% 16
\BOOKMARK [1][-]{section.2.1}{Twin Studies - Delineating Genetic and Environmental Contribution}{chapter.2}% 17
\BOOKMARK [1][-]{section.2.2}{Searching for Genetic Variants}{chapter.2}% 18
\BOOKMARK [2][-]{subsection.2.2.1}{Role of Common Variants}{section.2.2}% 19
\BOOKMARK [2][-]{subsection.2.2.2}{Role of Rare Variants}{section.2.2}% 20
\BOOKMARK [1][-]{section.2.3}{Searching for Gene-Environmental interaction}{chapter.2}% 21
\BOOKMARK [2][-]{subsection.2.3.1}{Gene Expression}{section.2.3}% 22
\BOOKMARK [2][-]{subsection.2.3.2}{Epigenetics}{section.2.3}% 23
\BOOKMARK [1][-]{section.2.4}{Summary}{chapter.2}% 24
\BOOKMARK [0][-]{chapter.3}{Environmental Risk Factor - Maternal immune activation}{}% 25
\BOOKMARK [1][-]{section.3.1}{Study Design}{chapter.3}% 26
\BOOKMARK [1][-]{section.3.2}{Materials and Method}{chapter.3}% 27
\BOOKMARK [1][-]{section.3.3}{Results}{chapter.3}% 28
\BOOKMARK [1][-]{section.3.4}{Discussion}{chapter.3}% 29
\BOOKMARK [1][-]{section.3.5}{Conclusion}{chapter.3}% 30
\BOOKMARK [0][-]{chapter.4}{Genetic Risk Factor - Heritability Estimation}{}% 31
\BOOKMARK [1][-]{section.4.1}{Estimation of Heritability}{chapter.4}% 32
\BOOKMARK [2][-]{subsection.4.1.1}{Estimating the Mean}{section.4.1}% 33
\BOOKMARK [2][-]{subsection.4.1.2}{Estimating the Variance}{section.4.1}% 34
\BOOKMARK [1][-]{section.4.2}{Simulation Study}{chapter.4}% 35
\BOOKMARK [2][-]{subsection.4.2.1}{Quantitative Trait}{section.4.2}% 36
\BOOKMARK [2][-]{subsection.4.2.2}{Case-Control Study design}{section.4.2}% 37
\BOOKMARK [1][-]{section.4.3}{Result}{chapter.4}% 38
\BOOKMARK [1][-]{section.4.4}{Discussion}{chapter.4}% 39
\BOOKMARK [1][-]{section.4.5}{Conclusion}{chapter.4}% 40
\BOOKMARK [0][-]{chapter.5}{Genetic Risk Factor - Risk Prediction}{}% 41
\BOOKMARK [1][-]{section.5.1}{Risk Estimation}{chapter.5}% 42
\BOOKMARK [1][-]{section.5.2}{Simulation Study}{chapter.5}% 43
\BOOKMARK [1][-]{section.5.3}{Result}{chapter.5}% 44
\BOOKMARK [1][-]{section.5.4}{Conclusion}{chapter.5}% 45
\BOOKMARK [0][-]{chapter.6}{Summary and Conclusion}{}% 46
